[debug] [2023-12-31T17:46:52.290Z] ----------------------------------------------------------------------
[debug] [2023-12-31T17:46:52.294Z] Command:       C:\Program Files\nodejs\node.exe C:\Users\Furqan Ali\AppData\Roaming\npm\node_modules\firebase-tools\lib\bin\firebase.js init
[debug] [2023-12-31T17:46:52.295Z] CLI Version:   13.0.2
[debug] [2023-12-31T17:46:52.295Z] Platform:      win32
[debug] [2023-12-31T17:46:52.296Z] Node Version:  v20.10.0
[debug] [2023-12-31T17:46:52.296Z] Time:          Sun Dec 31 2023 22:46:52 GMT+0500 (West Kazakhstan Time)
[debug] [2023-12-31T17:46:52.296Z] ----------------------------------------------------------------------
[debug] 
[debug] [2023-12-31T17:46:52.461Z] > command requires scopes: ["email","openid","https://www.googleapis.com/auth/cloudplatformprojects.readonly","https://www.googleapis.com/auth/firebase","https://www.googleapis.com/auth/cloud-platform"]
[debug] [2023-12-31T17:46:52.462Z] > authorizing via signed-in user (furqanali592@gmail.com)
[info] 
     ######## #### ########  ######## ########     ###     ######  ########
     ##        ##  ##     ## ##       ##     ##  ##   ##  ##       ##
     ######    ##  ########  ######   ########  #########  ######  ######
     ##        ##  ##    ##  ##       ##     ## ##     ##       ## ##
     ##       #### ##     ## ######## ########  ##     ##  ######  ########

You're about to initialize a Firebase project in this directory:

  C:\Users\Furqan Ali\Desktop\New folder\DonationApp-Admin-Portal-master

Before we get started, keep in mind:

  * You are initializing within an existing Firebase project directory

